<?xml version="1.0" encoding="UTF-8"?>
<testsuite name="UserRegistrationTest" tests="10" skipped="0" failures="0" errors="0" timestamp="2022-04-19T07:20:25" hostname="AVINASHPJ-PC" time="0.075">
  <properties/>
  <testcase name="givenFirstName_WhenProperPassword_ShouldReturnTrue()" classname="UserRegistrationTest" time="0.046"/>
  <testcase name="givenFirstName_WhenNotProperPhoneNumber_ShouldReturnFalse()" classname="UserRegistrationTest" time="0.008"/>
  <testcase name="givenFirstName_WhenNotProperFirstName_ShouldReturnFalse()" classname="UserRegistrationTest" time="0.002"/>
  <testcase name="givenFirstName_WhenProperFirstName_ShouldReturnTrue()" classname="UserRegistrationTest" time="0.002"/>
  <testcase name="givenFirstName_WhenNotProperEmailId_ShouldReturnFalse()" classname="UserRegistrationTest" time="0.001"/>
  <testcase name="givenFirstName_WhenProperEmailId_ShouldReturnTrue()" classname="UserRegistrationTest" time="0.001"/>
  <testcase name="givenFirstName_WhenProperPhoneNumber_ShouldReturnTrue()" classname="UserRegistrationTest" time="0.002"/>
  <testcase name="givenFirstName_WhenNotProperPassword_ShouldReturnFalse()" classname="UserRegistrationTest" time="0.002"/>
  <testcase name="givenFirstName_WhenProperLastName_ShouldReturnTrue()" classname="UserRegistrationTest" time="0.001"/>
  <testcase name="givenFirstName_WhenNotProperLastName_ShouldReturnFalse()" classname="UserRegistrationTest" time="0.001"/>
  <system-out><![CDATA[Please check Phone Number
Please check First Name
Please check email id
Please check Password
Please check First Name
]]></system-out>
  <system-err><![CDATA[]]></system-err>
</testsuite>
